player 2 init
Found pair ['Th', 'Tc']
Found pair ['Th', 'Tc']
Found pair ['Th', 'Tc']
Found pair ['Th', 'Tc']
Found pair ['3h', '3d']
Found pair ['3h', '3d']
Found pair ['3h', '3d']
Found pair ['3h', '3d']
Found pair ['8s', '8c']
Found pair ['8s', '8c']
Found pair ['8s', '8c']
Found pair ['8s', '8c']
Found pair ['Qd', 'Qh']
Found pair ['Qd', 'Qh']
Found pair ['Qd', 'Qh']
Found pair ['Qd', 'Qh']
Found pair ['4h', '4d']
Found pair ['4h', '4d']
Found pair ['4h', '4d']
Found pair ['4h', '4d']
Found pair ['Js', 'Jd']
Found pair ['Js', 'Jd']
Found pair ['Js', 'Jd']
Found pair ['Js', 'Jd']
Found pair ['6c', '6h']
Found pair ['6c', '6h']
Found pair ['6c', '6h']
Found pair ['6c', '6h']
Found pair ['Kh', 'Kc']
Found pair ['Kh', 'Kc']
Found pair ['Kh', 'Kc']
Found pair ['Kh', 'Kc']
Found pair ['9d', '9h']
Found pair ['9d', '9h']
Found pair ['9d', '9h']
Found pair ['9d', '9h']
Found pair ['2c', '2d']
Found pair ['2c', '2d']
Found pair ['2c', '2d']
Found pair ['2c', '2d']
Found pair ['Ad', 'Ac']
Found pair ['Ad', 'Ac']
Found pair ['Ad', 'Ac']
Found pair ['Ad', 'Ac']
Found pair ['7h', '7c']
Found pair ['7h', '7c']
Found pair ['7h', '7c']
Found pair ['7h', '7c']
Found pair ['9d', '9s']
Found pair ['9d', '9s']
Found pair ['9d', '9s']
Found pair ['9d', '9s']
Found pair ['3h', '3s']
Found pair ['3h', '3s']
Found pair ['3h', '3s']
Found pair ['3h', '3s']
Found pair ['Qs', 'Qc']
Found pair ['Qs', 'Qc']
Found pair ['Qs', 'Qc']
Found pair ['Qs', 'Qc']
Found pair ['Jc', 'Js']
Found pair ['Jc', 'Js']
Found pair ['Jc', 'Js']
Found pair ['Jc', 'Js']
Found pair ['3c', '3h']
Found pair ['3c', '3h']
Found pair ['3c', '3h']
Found pair ['3c', '3h']
Found pair ['9h', '9c']
Found pair ['9h', '9c']
Found pair ['9h', '9c']
Found pair ['9h', '9c']
Found pair ['Td', 'Th']
Found pair ['Td', 'Th']
Found pair ['Td', 'Th']
Found pair ['Td', 'Th']
Found pair ['6h', '6d']
Found pair ['6h', '6d']
Found pair ['6h', '6d']
Found pair ['6h', '6d']
Found pair ['5s', '5h']
Found pair ['5s', '5h']
Found pair ['5s', '5h']
Found pair ['5s', '5h']
Found pair ['4s', '4c']
Found pair ['4s', '4c']
Found pair ['4s', '4c']
Found pair ['4s', '4c']
Found pair ['9c', '9s']
Found pair ['9c', '9s']
Found pair ['9c', '9s']
Found pair ['9c', '9s']
Found pair ['2c', '2d']
Found pair ['2c', '2d']
Found pair ['2c', '2d']
Found pair ['2c', '2d']
Found pair ['Th', 'Td']
Found pair ['Th', 'Td']
Found pair ['Th', 'Td']
Found pair ['Th', 'Td']
Found pair ['6s', '6d']
Found pair ['6s', '6d']
Found pair ['6s', '6d']
Found pair ['6s', '6d']
Found pair ['6d', '6c']
Found pair ['6d', '6c']
Found pair ['6d', '6c']
Found pair ['6d', '6c']
Found pair ['3s', '3c']
Found pair ['3s', '3c']
Found pair ['3s', '3c']
Found pair ['3s', '3c']
Found pair ['3s', '3c']
Found pair ['3s', '3c']
Found pair ['3s', '3c']
Found pair ['3s', '3c']
Found pair ['Ad', 'Ah']
Found pair ['Ad', 'Ah']
Found pair ['Ad', 'Ah']
Found pair ['Ad', 'Ah']
Found pair ['Td', 'Ts']
Found pair ['Td', 'Ts']
Found pair ['Td', 'Ts']
Found pair ['Td', 'Ts']
Found pair ['3d', '3c']
Found pair ['3d', '3c']
Found pair ['3d', '3c']
Found pair ['3d', '3c']
Found pair ['7s', '7h']
Found pair ['7s', '7h']
Found pair ['7s', '7h']
Found pair ['7s', '7h']
Found pair ['3s', '3h']
Found pair ['3s', '3h']
Found pair ['3s', '3h']
Found pair ['3s', '3h']
Found pair ['Ts', 'Td']
Found pair ['Ts', 'Td']
Found pair ['Ts', 'Td']
Found pair ['Ts', 'Td']
Found pair ['4h', '4s']
Found pair ['4h', '4s']
Found pair ['4h', '4s']
Found pair ['4h', '4s']
Found pair ['3c', '3h']
Found pair ['3c', '3h']
Found pair ['3c', '3h']
Found pair ['3c', '3h']
Found pair ['2s', '2h']
Found pair ['2s', '2h']
Found pair ['2s', '2h']
Found pair ['2s', '2h']
Found pair ['Kd', 'Kh']
Found pair ['Kd', 'Kh']
Found pair ['Kd', 'Kh']
Found pair ['Kd', 'Kh']
Found pair ['9c', '9d']
Found pair ['9c', '9d']
Found pair ['9c', '9d']
Found pair ['9c', '9d']
Found pair ['Kc', 'Ks']
Found pair ['Kc', 'Ks']
Found pair ['Kc', 'Ks']
Found pair ['Kc', 'Ks']
Found pair ['Kh', 'Ks']
Found pair ['Kh', 'Ks']
Found pair ['Kh', 'Ks']
Found pair ['Kh', 'Ks']
Found pair ['Qh', 'Qc']
Found pair ['Qh', 'Qc']
Found pair ['Qh', 'Qc']
Found pair ['Qh', 'Qc']
Found pair ['Jh', 'Jc']
Found pair ['Jh', 'Jc']
Found pair ['Jh', 'Jc']
Found pair ['Jh', 'Jc']
Found pair ['2d', '2c']
Found pair ['2d', '2c']
Found pair ['2d', '2c']
Found pair ['2d', '2c']
Found pair ['7c', '7s']
Found pair ['7c', '7s']
Found pair ['7c', '7s']
Found pair ['7c', '7s']
Found pair ['9c', '9d']
Found pair ['9c', '9d']
Found pair ['9c', '9d']
Found pair ['9c', '9d']
Found pair ['2s', '2c']
Found pair ['2s', '2c']
Found pair ['2s', '2c']
Found pair ['2s', '2c']
Found pair ['9s', '9h']
Found pair ['9s', '9h']
Found pair ['9s', '9h']
Found pair ['9s', '9h']
Found pair ['8d', '8h']
Found pair ['8d', '8h']
Found pair ['8d', '8h']
Found pair ['8d', '8h']
Found pair ['Kc', 'Ks']
Found pair ['Kc', 'Ks']
Found pair ['Kc', 'Ks']
Found pair ['Kc', 'Ks']
Found pair ['Ks', 'Kd']
Found pair ['Ks', 'Kd']
Found pair ['Ks', 'Kd']
Found pair ['Ks', 'Kd']
Found pair ['2h', '2s']
Found pair ['2h', '2s']
Found pair ['2h', '2s']
Found pair ['2h', '2s']
Found pair ['Ad', 'As']
Found pair ['Ad', 'As']
Found pair ['Ad', 'As']
Found pair ['Ad', 'As']
Found pair ['Td', 'Th']
Found pair ['Td', 'Th']
Found pair ['Td', 'Th']
Found pair ['Td', 'Th']
Found pair ['Td', 'Th']
Found pair ['Td', 'Th']
Found pair ['Td', 'Th']
Found pair ['Td', 'Th']
Found pair ['Ad', 'Ah']
Found pair ['Ad', 'Ah']
Found pair ['Ad', 'Ah']
Found pair ['Ad', 'Ah']
Found pair ['4s', '4c']
Found pair ['4s', '4c']
Found pair ['4s', '4c']
Found pair ['4s', '4c']
Found pair ['9d', '9h']
Found pair ['9d', '9h']
Found pair ['9d', '9h']
Found pair ['9d', '9h']
Found pair ['6s', '6c']
Found pair ['6s', '6c']
Found pair ['6s', '6c']
Found pair ['6s', '6c']
Found pair ['3h', '3d']
Found pair ['3h', '3d']
Found pair ['3h', '3d']
Found pair ['3h', '3d']
in main player 2
